#
# There is insufficient memory for the Java Runtime Environment to continue.
# Native memory allocation (mmap) failed to map 132120576 bytes for Failed to commit area from 0x0000000083200000 to 0x000000008b000000 of length 132120576.
# Possible reasons:
#   The system is out of physical RAM or swap space
#   The process is running with CompressedOops enabled, and the Java Heap may be blocking the growth of the native heap
# Possible solutions:
#   Reduce memory load on the system
#   Increase physical memory or swap space
#   Check if swap backing store is full
#   Decrease Java heap size (-Xmx/-Xms)
#   Decrease number of Java threads
#   Decrease Java thread stack sizes (-Xss)
#   Set larger code cache with -XX:ReservedCodeCacheSize=
# This output file may be truncated or incomplete.
#
#  Out of Memory Error (./src/hotspot/os/windows/os_windows.cpp:3311), pid=116628, tid=127848
#
# JRE version:  (11.0.13+8) (build )
# Java VM: OpenJDK 64-Bit Server VM (11.0.13+8-LTS, mixed mode, sharing, tiered, compressed oops, g1 gc, windows-amd64)
# No core dump will be written. Minidumps are not enabled by default on client versions of Windows
#

---------------  S U M M A R Y ------------

Command Line: C:\Users\Dani\AppData\Local\Temp\surefire10842200656091496248\surefirebooter6913179582964878061.jar C:\Users\Dani\AppData\Local\Temp\surefire10842200656091496248 2022-09-05T20-49-03_163-jvmRun1 surefire8458114290183212806tmp surefire_07593193894894341984tmp

Host: Intel(R) Core(TM) i5-1035G1 CPU @ 1.00GHz, 8 cores, 7G,  Windows 10 , 64 bit Build 22000 (10.0.22000.708)
Time: Mon Sep  5 20:49:03 2022 Hora oficial do Brasil elapsed time: 0.012492 seconds (0d 0h 0m 0s)

---------------  T H R E A D  ---------------

Current thread (0x0000021bfa3fa000):  JavaThread "Unknown thread" [_thread_in_vm, id=127848, stack(0x00000067b2d00000,0x00000067b2e00000)]

Stack: [0x00000067b2d00000,0x00000067b2e00000]
Native frames: (J=compiled Java code, j=interpreted, Vv=VM code, C=native code)
V  [jvm.dll+0x61ccaa]
V  [jvm.dll+0x7a9839]
V  [jvm.dll+0x7aaeff]
V  [jvm.dll+0x7ab5d3]
V  [jvm.dll+0x24f5d8]
V  [jvm.dll+0x619fba]
V  [jvm.dll+0x60e865]
V  [jvm.dll+0x30710c]
V  [jvm.dll+0x306f92]
V  [jvm.dll+0x30bcb6]
V  [jvm.dll+0x350eaf]
V  [jvm.dll+0x3508e0]
V  [jvm.dll+0x2e4208]
V  [jvm.dll+0x2e5366]
V  [jvm.dll+0x783657]
V  [jvm.dll+0x784ddf]
V  [jvm.dll+0x35dc39]
V  [jvm.dll+0x7665e0]
V  [jvm.dll+0x3cb68f]
V  [jvm.dll+0x3cda21]
C  [jli.dll+0x5207]
C  [ucrtbase.dll+0x26c0c]
C  [KERNEL32.DLL+0x154e0]
C  [ntdll.dll+0x485b]


---------------  P R O C E S S  ---------------

Threads class SMR info:
_java_thread_list=0x0000021bfa322f20, length=0, elements={
}

Java Threads: ( => current thread )

Other Threads:
  0x0000021bfc463800 GCTaskThread "GC Thread#0" [stack: 0x00000067b2e00000,0x00000067b2f00000] [id=126920]
  0x0000021bfc495800 ConcurrentGCThread "G1 Main Marker" [stack: 0x00000067b2f00000,0x00000067b3000000] [id=117600]
  0x0000021bfc496800 ConcurrentGCThread "G1 Conc#0" [stack: 0x00000067b3000000,0x00000067b3100000] [id=127524]

[error occurred during error reporting (printing all threads), id 0xc0000005, EXCEPTION_ACCESS_VIOLATION (0xc0000005) at pc=0x00007ff9fa1838e7]

VM state:not at safepoint (not fully initialized)

VM Mutex/Monitor currently owned by a thread:  ([mutex/lock_event])
[0x0000021bfc44ed70] Heap_lock - owner thread: 0x0000021bfa3fa000

Heap address: 0x0000000083200000, size: 1998 MB, Compressed Oops mode: Non-zero based: 0x0000000083200000
Narrow klass base: 0x0000000000000000, Narrow klass shift: 0

GC Heap History (0 events):
No events

Deoptimization events (0 events):
No events

Classes redefined (0 events):
No events

Internal exceptions (0 events):
No events

Events (1 events):
Event: 0.008 Loaded shared library C:\Program Files\Amazon Corretto\jdk11.0.13_8\bin\zip.dll


Dynamic libraries:
0x00007ff759290000 - 0x00007ff75929d000 	C:\Program Files\Amazon Corretto\jdk11.0.13_8\bin\java.exe
0x00007ffa3f740000 - 0x00007ffa3f949000 	C:\WINDOWS\SYSTEM32\ntdll.dll
0x00007ffa3e180000 - 0x00007ffa3e23d000 	C:\WINDOWS\System32\KERNEL32.DLL
0x00007ffa3cd10000 - 0x00007ffa3d08d000 	C:\WINDOWS\System32\KERNELBASE.dll
0x00007ffa3d250000 - 0x00007ffa3d361000 	C:\WINDOWS\System32\ucrtbase.dll
0x00007ffa27230000 - 0x00007ffa27247000 	C:\Program Files\Amazon Corretto\jdk11.0.13_8\bin\jli.dll
0x00007ffa25f00000 - 0x00007ffa25f19000 	C:\Program Files\Amazon Corretto\jdk11.0.13_8\bin\VCRUNTIME140.dll
0x00007ffa3eae0000 - 0x00007ffa3ec8d000 	C:\WINDOWS\System32\USER32.dll
0x00007ffa2feb0000 - 0x00007ffa30155000 	C:\WINDOWS\WinSxS\amd64_microsoft.windows.common-controls_6595b64144ccf1df_6.0.22000.120_none_9d947278b86cc467\COMCTL32.dll
0x00007ffa3cce0000 - 0x00007ffa3cd06000 	C:\WINDOWS\System32\win32u.dll
0x00007ffa3f560000 - 0x00007ffa3f603000 	C:\WINDOWS\System32\msvcrt.dll
0x00007ffa3f530000 - 0x00007ffa3f559000 	C:\WINDOWS\System32\GDI32.dll
0x00007ffa3d090000 - 0x00007ffa3d1a8000 	C:\WINDOWS\System32\gdi32full.dll
0x00007ffa3d1b0000 - 0x00007ffa3d24d000 	C:\WINDOWS\System32\msvcp_win.dll
0x00007ffa3f6c0000 - 0x00007ffa3f6f1000 	C:\WINDOWS\System32\IMM32.DLL
0x00007ffa06040000 - 0x00007ffa060db000 	C:\Program Files\Amazon Corretto\jdk11.0.13_8\bin\msvcp140.dll
0x00007ff9f9e90000 - 0x00007ff9faa0f000 	C:\Program Files\Amazon Corretto\jdk11.0.13_8\bin\server\jvm.dll
0x00007ffa3e260000 - 0x00007ffa3e30e000 	C:\WINDOWS\System32\ADVAPI32.dll
0x00007ffa3e430000 - 0x00007ffa3e4ce000 	C:\WINDOWS\System32\sechost.dll
0x00007ffa3e310000 - 0x00007ffa3e430000 	C:\WINDOWS\System32\RPCRT4.dll
0x00007ffa3f4c0000 - 0x00007ffa3f4c8000 	C:\WINDOWS\System32\PSAPI.DLL
0x00007ffa372a0000 - 0x00007ffa372d3000 	C:\WINDOWS\SYSTEM32\WINMM.dll
0x00007ffa36d20000 - 0x00007ffa36d2a000 	C:\WINDOWS\SYSTEM32\VERSION.dll
0x00007ffa37ae0000 - 0x00007ffa37ae9000 	C:\WINDOWS\SYSTEM32\WSOCK32.dll
0x00007ffa3e6f0000 - 0x00007ffa3e75f000 	C:\WINDOWS\System32\WS2_32.dll
0x00007ffa3bce0000 - 0x00007ffa3bcf8000 	C:\WINDOWS\SYSTEM32\kernel.appcore.dll
0x00007ffa37830000 - 0x00007ffa37840000 	C:\Program Files\Amazon Corretto\jdk11.0.13_8\bin\verify.dll
0x00007ffa3a760000 - 0x00007ffa3a981000 	C:\WINDOWS\SYSTEM32\DBGHELP.DLL
0x00007ffa35380000 - 0x00007ffa353b1000 	C:\WINDOWS\SYSTEM32\dbgcore.DLL
0x00007ffa3d370000 - 0x00007ffa3d3ef000 	C:\WINDOWS\System32\bcryptPrimitives.dll
0x00007ffa25ed0000 - 0x00007ffa25ef8000 	C:\Program Files\Amazon Corretto\jdk11.0.13_8\bin\java.dll
0x00007ffa37710000 - 0x00007ffa3771a000 	C:\Program Files\Amazon Corretto\jdk11.0.13_8\bin\jimage.dll
0x00007ffa25b00000 - 0x00007ffa25b17000 	C:\Program Files\Amazon Corretto\jdk11.0.13_8\bin\zip.dll

dbghelp: loaded successfully - version: 4.0.5 - missing functions: none
symbol engine: initialized successfully - sym options: 0x614 - pdb path: .;C:\Program Files\Amazon Corretto\jdk11.0.13_8\bin;C:\WINDOWS\SYSTEM32;C:\WINDOWS\WinSxS\amd64_microsoft.windows.common-controls_6595b64144ccf1df_6.0.22000.120_none_9d947278b86cc467;C:\Program Files\Amazon Corretto\jdk11.0.13_8\bin\server

VM Arguments:
java_command: C:\Users\Dani\AppData\Local\Temp\surefire10842200656091496248\surefirebooter6913179582964878061.jar C:\Users\Dani\AppData\Local\Temp\surefire10842200656091496248 2022-09-05T20-49-03_163-jvmRun1 surefire8458114290183212806tmp surefire_07593193894894341984tmp
java_class_path (initial): C:\Users\Dani\AppData\Local\Temp\surefire10842200656091496248\surefirebooter6913179582964878061.jar
Launcher Type: SUN_STANDARD

[Global flags]
     intx CICompilerCount                          = 4                                         {product} {ergonomic}
     uint ConcGCThreads                            = 2                                         {product} {ergonomic}
     uint G1ConcRefinementThreads                  = 8                                         {product} {ergonomic}
   size_t G1HeapRegionSize                         = 1048576                                   {product} {ergonomic}
    uintx GCDrainStackTargetSize                   = 64                                        {product} {ergonomic}
   size_t InitialHeapSize                          = 132120576                                 {product} {ergonomic}
   size_t MarkStackSize                            = 4194304                                   {product} {ergonomic}
   size_t MaxHeapSize                              = 2095054848                                {product} {ergonomic}
   size_t MinHeapDeltaBytes                        = 1048576                                   {product} {ergonomic}
    uintx NonNMethodCodeHeapSize                   = 5836300                                {pd product} {ergonomic}
    uintx NonProfiledCodeHeapSize                  = 122910970                              {pd product} {ergonomic}
    uintx ProfiledCodeHeapSize                     = 122910970                              {pd product} {ergonomic}
    uintx ReservedCodeCacheSize                    = 251658240                              {pd product} {ergonomic}
     bool SegmentedCodeCache                       = true                                      {product} {ergonomic}
     bool UseCompressedClassPointers               = true                                 {lp64_product} {ergonomic}
     bool UseCompressedOops                        = true                                 {lp64_product} {ergonomic}
     bool UseG1GC                                  = true                                      {product} {ergonomic}
     bool UseLargePagesIndividualAllocation        = false                                  {pd product} {ergonomic}

Logging:
Log output configuration:
 #0: stdout all=warning uptime,level,tags
 #1: stderr all=off uptime,level,tags

Environment Variables:
JAVA_HOME=C:\Program Files\Amazon Corretto\jdk11.0.13_8
PATH=C:\Program Files\Amazon Corretto\jdk11.0.13_8\bin;C:\Program Files\Amazon Corretto\jdk1.8.0_292\bin;C:\WINDOWS\system32;C:\WINDOWS;C:\WINDOWS\System32\Wbem;C:\WINDOWS\System32\WindowsPowerShell\v1.0\;C:\WINDOWS\System32\OpenSSH\;C:\Program Files\Git\cmd;C:\Program Files\Docker\Docker\resources\bin;C:\ProgramData\DockerDesktop\version-bin;C:\Program Files\nodejs\;C:\Users\Dani\AppData\Local\Microsoft\WindowsApps;C:\Users\Dani\AppData\Local\Programs\Microsoft VS Code\bin;C:\Program Files\JetBrains\IntelliJ IDEA 2021.2.3\bin;;C:\Program Files\MySQL\MySQL Server 8.0\bin;C:\Users\Dani\AppData\Roaming\npm
USERNAME=Dani
OS=Windows_NT
PROCESSOR_IDENTIFIER=Intel64 Family 6 Model 126 Stepping 5, GenuineIntel



---------------  S Y S T E M  ---------------

OS: Windows 10 , 64 bit Build 22000 (10.0.22000.708)
OS uptime: 26 days 15:11 hours
Hyper-V role detected

CPU:total 8 (initial active 8) (4 cores per cpu, 2 threads per core) family 6 model 126 stepping 5 microcode 0xa6, cmov, cx8, fxsr, mmx, sse, sse2, sse3, ssse3, sse4.1, sse4.2, popcnt, avx, avx2, aes, clmul, erms, 3dnowpref, lzcnt, ht, tsc, tscinvbit, bmi1, bmi2, adx, evex, sha, fma

Memory: 4k page, system-wide physical 7987M (136M free)
TotalPageFile size 32563M (AvailPageFile size 75M)
current process WorkingSet (physical memory assigned to process): 10M, peak: 10M
current process commit charge ("private bytes"): 60M, peak: 186M

vm_info: OpenJDK 64-Bit Server VM (11.0.13+8-LTS) for windows-amd64 JRE (11.0.13+8-LTS), built on Oct 13 2021 21:32:06 by "Administrator" with unknown MS VC++:1916

END.
